Return,False,1491351610.25
BackSpace,False,1491351622.62,BackSpace,False,1491351622.75
m,False,1491351628.51,m,False,1491351628.63
a,False,1491351628.64,a,False,1491351628.75
s,False,1491351628.87,s,False,1491351628.94
t,False,1491351629.01,t,False,1491351629.09
e,False,1491351629.5,e,False,1491351629.58
r,False,1491351629.67,r,False,1491351629.77
space,False,1491351629.84,t,False,1491351629.93,space,False,1491351629.95
t,False,1491351630.0
h,False,1491351630.05,h,False,1491351630.15
e,False,1491351630.26,e,False,1491351630.35
o,False,1491351630.39,o,False,1491351630.51
r,False,1491351630.55,r,False,1491351630.6
e,False,1491351630.71,e,False,1491351630.8
m,False,1491351631.22,m,False,1491351631.3
space,False,1491351631.41,space,False,1491351631.49
p,False,1491351631.62,p,False,1491351631.75
r,False,1491351631.76,r,False,1491351631.85
o,False,1491351632.06,o,False,1491351632.13
o,False,1491351632.21,o,False,1491351632.34
f,False,1491351632.66,f,False,1491351632.77
space,False,1491351632.83,space,False,1491351632.98
s,False,1491351633.17,s,False,1491351633.3
h,False,1491351633.36,h,False,1491351633.45
o,False,1491351634.11,o,False,1491351634.17
r,False,1491351634.19,r,False,1491351634.3
t,False,1491351634.39,t,False,1491351634.5
Return,False,1491351634.66,Return,False,1491351634.78
BackSpace,False,1491351684.09,BackSpace,False,1491351684.19
h,False,1491351684.94,h,False,1491351685.01
o,False,1491351685.11,o,False,1491351685.22
w,False,1491351685.24,w,False,1491351685.32
space,False,1491351685.35,w,False,1491351685.48,space,False,1491351685.49
w,False,1491351685.56
o,False,1491351685.62,o,False,1491351685.73
u,False,1491351685.88,u,False,1491351685.95
l,False,1491351686.08,d,False,1491351686.18,l,False,1491351686.19
d,False,1491351686.26
space,False,1491351686.29,space,False,1491351686.41
y,False,1491351686.52,y,False,1491351686.6
o,False,1491351686.7,o,False,1491351686.8
u,False,1491351686.83,u,False,1491351686.91
space,False,1491351686.95,space,False,1491351687.05
f,False,1491351687.14,f,False,1491351687.22
e,False,1491351687.45,e,False,1491351687.5
e,False,1491351687.61,e,False,1491351687.71
semicolon,False,1491351687.79,semicolon,False,1491351687.93
BackSpace,False,1491351688.81,BackSpace,False,1491351688.89
l,False,1491351689.04,l,False,1491351689.12
Return,False,1491351689.26,Return,False,1491351689.37
grave,False,1491351718.49,h,False,1491978149.98,n,False,1491978150.11,n,False,1491978150.13
h,False,1491978150.14
u,False,1491978150.25,y,False,1491978150.26,u,False,1491978150.3
u,False,1491978150.36,j,False,1491978150.37,y,False,1491978150.42
u,False,1491978150.43
j,False,1491978150.47
Return,False,1491978154.56,Return,False,1491978154.7
d,False,1491978158.24,c,False,1491978158.25,c,False,1491978158.3
space,False,1491978158.45,d,False,1491978158.53
g,False,1491978158.61,space,False,1491978158.65
n,False,1491978158.67,space,False,1491978158.76,n,False,1491978158.79
g,False,1491978158.8
h,False,1491978158.91,space,False,1491978158.93
j,False,1491978158.94,h,False,1491978158.99
j,False,1491978158.99
j,False,1491978159.02,m,False,1491978159.07,m,False,1491978159.11
j,False,1491978159.15
space,False,1491978159.34,space,False,1491978159.48
h,False,1491978159.68,t,False,1491978159.7,t,False,1491978159.72
n,False,1491978159.83,t,False,1491978159.9,h,False,1491978159.95
n,False,1491978159.97
t,False,1491978159.97
Escape,False,1491978191.16,Escape,False,1491978191.23
grave,False,1491978191.81,